<?xml version="1.0" encoding="UTF-8"?>
<!-- Generated by org.testng.reporters.JUnitXMLReporter -->
<testsuite ignored="0" hostname="System6" failures="1" tests="1" name=" Test Cases" time="27.9" errors="0" timestamp="2021-03-16T14:03:52 GMT">
  <testcase classname="com.qa.testcases.DemoplanitTest" name="demotest" time="17.153">
    <failure type="org.openqa.selenium.ElementClickInterceptedException" message="element click intercepted: Element &amp;lt;input type=&amp;quot;button&amp;quot; class=&amp;quot;button-1 payment-method-next-step-button&amp;quot; onclick=&amp;quot;PaymentMethod.save()&amp;quot; value=&amp;quot;Continue&amp;quot;&amp;gt; is not clickable at point (284, 473). Other element would receive the click: &amp;lt;div class=&amp;quot;buttons&amp;quot; id=&amp;quot;payment-method-buttons-container&amp;quot;&amp;gt;...&amp;lt;/div&amp;gt;
  (Session info: chrome=89.0.4389.90)
Build info: version: &amp;apos;4.0.0-beta-1&amp;apos;, revision: &amp;apos;9c03156c2b&amp;apos;
System info: host: &amp;apos;SYSTEM6&amp;apos;, ip: &amp;apos;192.168.100.6&amp;apos;, os.name: &amp;apos;Windows 10&amp;apos;, os.arch: &amp;apos;amd64&amp;apos;, os.version: &amp;apos;10.0&amp;apos;, java.version: &amp;apos;15.0.2&amp;apos;
Driver info: org.openqa.selenium.chrome.ChromeDriver
Command: [4282c0d92c7bee18137f51d15366668d, clickElement {id=f644064f-f8ca-443e-941d-6499a608869c}]
Capabilities {acceptInsecureCerts: false, browserName: chrome, browserVersion: 89.0.4389.90, chrome: {chromedriverVersion: 89.0.4389.23 (61b08ee2c5002..., userDataDir: C:\Users\Harsha\AppData\Loc...}, goog:chromeOptions: {debuggerAddress: localhost:52416}, javascriptEnabled: true, networkConnectionEnabled: false, pageLoadStrategy: normal, platform: WINDOWS, platformName: WINDOWS, proxy: Proxy(), setWindowRect: true, strictFileInteractability: false, timeouts: {implicit: 0, pageLoad: 300000, script: 30000}, unhandledPromptBehavior: dismiss and notify, webauthn:extension:largeBlob: true, webauthn:virtualAuthenticators: true}
Element: [[ChromeDriver: chrome on WINDOWS (4282c0d92c7bee18137f51d15366668d)] -&amp;gt; xpath: //input[@onclick=&amp;apos;PaymentMethod.save()&amp;apos;]]
Session ID: 4282c0d92c7bee18137f51d15366668d">
      <![CDATA[org.openqa.selenium.ElementClickInterceptedException: element click intercepted: Element <input type="button" class="button-1 payment-method-next-step-button" onclick="PaymentMethod.save()" value="Continue"> is not clickable at point (284, 473). Other element would receive the click: <div class="buttons" id="payment-method-buttons-container">...</div>
  (Session info: chrome=89.0.4389.90)
Build info: version: '4.0.0-beta-1', revision: '9c03156c2b'
System info: host: 'SYSTEM6', ip: '192.168.100.6', os.name: 'Windows 10', os.arch: 'amd64', os.version: '10.0', java.version: '15.0.2'
Driver info: org.openqa.selenium.chrome.ChromeDriver
Command: [4282c0d92c7bee18137f51d15366668d, clickElement {id=f644064f-f8ca-443e-941d-6499a608869c}]
Capabilities {acceptInsecureCerts: false, browserName: chrome, browserVersion: 89.0.4389.90, chrome: {chromedriverVersion: 89.0.4389.23 (61b08ee2c5002..., userDataDir: C:\Users\Harsha\AppData\Loc...}, goog:chromeOptions: {debuggerAddress: localhost:52416}, javascriptEnabled: true, networkConnectionEnabled: false, pageLoadStrategy: normal, platform: WINDOWS, platformName: WINDOWS, proxy: Proxy(), setWindowRect: true, strictFileInteractability: false, timeouts: {implicit: 0, pageLoad: 300000, script: 30000}, unhandledPromptBehavior: dismiss and notify, webauthn:extension:largeBlob: true, webauthn:virtualAuthenticators: true}
Element: [[ChromeDriver: chrome on WINDOWS (4282c0d92c7bee18137f51d15366668d)] -> xpath: //input[@onclick='PaymentMethod.save()']]
Session ID: 4282c0d92c7bee18137f51d15366668d
at org.openqa.selenium.remote.codec.w3c.W3CHttpResponseCodec.createException(W3CHttpResponseCodec.java:195)
at org.openqa.selenium.remote.codec.w3c.W3CHttpResponseCodec.decode(W3CHttpResponseCodec.java:128)
at org.openqa.selenium.remote.codec.w3c.W3CHttpResponseCodec.decode(W3CHttpResponseCodec.java:52)
at org.openqa.selenium.remote.HttpCommandExecutor.execute(HttpCommandExecutor.java:181)
at org.openqa.selenium.remote.service.DriverCommandExecutor.invokeExecute(DriverCommandExecutor.java:153)
at org.openqa.selenium.remote.service.DriverCommandExecutor.execute(DriverCommandExecutor.java:128)
at org.openqa.selenium.remote.RemoteWebDriver.execute(RemoteWebDriver.java:620)
at org.openqa.selenium.remote.RemoteWebElement.execute(RemoteWebElement.java:239)
at org.openqa.selenium.remote.RemoteWebElement.click(RemoteWebElement.java:77)
at org.openqa.selenium.support.pagefactory.internal.LocatingElementHandler.invoke(LocatingElementHandler.java:52)
at com.sun.proxy.$Proxy16.click(Unknown Source)
at com.qa.pageobjects.CheckoutPage.payment(CheckoutPage.java:163)
at com.qa.testcases.DemoplanitTest.demotest(DemoplanitTest.java:114)
at java.base/java.util.ArrayList.forEach(ArrayList.java:1511)
... Removed 35 stack frames]]>
    </failure>
  </testcase> <!-- demotest -->
</testsuite> <!--  Test Cases -->
