<?xml version="1.0" encoding="UTF-8"?>
<testng-results ignored="0" total="1" passed="1" failed="0" skipped="0">
  <reporter-output>
  </reporter-output>
  <suite started-at="2021-03-16T11:22:26 GMT" name="Test suite" finished-at="2021-03-16T11:22:49 GMT" duration-ms="22712">
    <groups>
    </groups>
    <test started-at="2021-03-16T11:22:26 GMT" name=" Test Cases" finished-at="2021-03-16T11:22:49 GMT" duration-ms="22712">
      <class name="com.qa.testcases.DemoplanitTest">
        <test-method is-config="true" signature="setup()[pri:0, instance:com.qa.testcases.DemoplanitTest@2b48a640]" started-at="2021-03-16T11:22:26 GMT" name="setup" finished-at="2021-03-16T11:22:32 GMT" duration-ms="5580" status="PASS">
          <reporter-output>
          </reporter-output>
        </test-method> <!-- setup -->
        <test-method signature="demotest()[pri:0, instance:com.qa.testcases.DemoplanitTest@2b48a640]" started-at="2021-03-16T11:22:32 GMT" name="demotest" finished-at="2021-03-16T11:22:48 GMT" duration-ms="16410" status="PASS">
          <reporter-output>
          </reporter-output>
        </test-method> <!-- demotest -->
        <test-method is-config="true" signature="closeapp()[pri:0, instance:com.qa.testcases.DemoplanitTest@2b48a640]" started-at="2021-03-16T11:22:48 GMT" name="closeapp" finished-at="2021-03-16T11:22:49 GMT" duration-ms="692" status="PASS">
          <reporter-output>
          </reporter-output>
        </test-method> <!-- closeapp -->
      </class> <!-- com.qa.testcases.DemoplanitTest -->
    </test> <!--  Test Cases -->
  </suite> <!-- Test suite -->
</testng-results>
